# JRE version: OpenJDK Runtime Environment (11.0.10) (build 11.0.10+0-b96-7249189)
# Java VM: OpenJDK 64-Bit Server VM (11.0.10+0-b96-7249189, mixed mode, tiered, compressed oops, g1 gc, windows-amd64)
Heap:
 garbage-first heap   total 260096K, used 163596K [0x00000000a0000000, 0x0000000100000000)
  region size 1024K, 133 young (136192K), 19 survivors (19456K)
 Metaspace       used 62141K, capacity 63822K, committed 64000K, reserved 1105920K
  class space    used 7832K, capacity 8376K, committed 8448K, reserved 1048576K
GC Heap History (18 events):
Event: 0.943 GC heap before
{Heap before GC invocations=0 (full 0):
 garbage-first heap   total 260096K, used 19456K [0x00000000a0000000, 0x0000000100000000)
  region size 1024K, 14 young (14336K), 0 survivors (0K)
 Metaspace       used 7462K, capacity 7603K, committed 7680K, reserved 1056768K
  class space    used 687K, capacity 748K, committed 768K, reserved 1048576K
}
Event: 0.950 GC heap after
{Heap after GC invocations=1 (full 0):
 garbage-first heap   total 260096K, used 7980K [0x00000000a0000000, 0x0000000100000000)
  region size 1024K, 2 young (2048K), 2 survivors (2048K)
 Metaspace       used 7462K, capacity 7603K, committed 7680K, reserved 1056768K
  class space    used 687K, capacity 748K, committed 768K, reserved 1048576K
}
Event: 1.544 GC heap before
{Heap before GC invocations=1 (full 0):
 garbage-first heap   total 260096K, used 18220K [0x00000000a0000000, 0x0000000100000000)
  region size 1024K, 12 young (12288K), 2 survivors (2048K)
 Metaspace       used 10319K, capacity 10565K, committed 10752K, reserved 1058816K
  class space    used 1086K, capacity 1163K, committed 1280K, reserved 1048576K
}
Event: 1.548 GC heap after
{Heap after GC invocations=2 (full 0):
 garbage-first heap   total 260096K, used 8850K [0x00000000a0000000, 0x0000000100000000)
  region size 1024K, 1 young (1024K), 1 survivors (1024K)
 Metaspace       used 10319K, capacity 10565K, committed 10752K, reserved 1058816K
  class space    used 1086K, capacity 1163K, committed 1280K, reserved 1048576K
}
Event: 2.347 GC heap before
{Heap before GC invocations=2 (full 0):
 garbage-first heap   total 260096K, used 34450K [0x00000000a0000000, 0x0000000100000000)
  region size 1024K, 27 young (27648K), 1 survivors (1024K)
 Metaspace       used 10608K, capacity 10761K, committed 11008K, reserved 1058816K
  class space    used 1100K, capacity 1164K, committed 1280K, reserved 1048576K
}
Event: 2.353 GC heap after
{Heap after GC invocations=3 (full 0):
 garbage-first heap   total 260096K, used 12193K [0x00000000a0000000, 0x0000000100000000)
  region size 1024K, 4 young (4096K), 4 survivors (4096K)
 Metaspace       used 10608K, capacity 10761K, committed 11008K, reserved 1058816K
  class space    used 1100K, capacity 1164K, committed 1280K, reserved 1048576K
}
Event: 4.538 GC heap before
{Heap before GC invocations=3 (full 0):
 garbage-first heap   total 260096K, used 51105K [0x00000000a0000000, 0x0000000100000000)
  region size 1024K, 42 young (43008K), 4 survivors (4096K)
 Metaspace       used 17711K, capacity 18120K, committed 18432K, reserved 1064960K
  class space    used 2111K, capacity 2239K, committed 2304K, reserved 1048576K
}
Event: 4.548 GC heap after
{Heap after GC invocations=4 (full 0):
 garbage-first heap   total 260096K, used 15683K [0x00000000a0000000, 0x0000000100000000)
  region size 1024K, 4 young (4096K), 4 survivors (4096K)
 Metaspace       used 17711K, capacity 18120K, committed 18432K, reserved 1064960K
  class space    used 2111K, capacity 2239K, committed 2304K, reserved 1048576K
}
Event: 5.056 GC heap before
{Heap before GC invocations=4 (full 0):
 garbage-first heap   total 260096K, used 35139K [0x00000000a0000000, 0x0000000100000000)
  region size 1024K, 24 young (24576K), 4 survivors (4096K)
 Metaspace       used 20668K, capacity 21121K, committed 21248K, reserved 1067008K
  class space    used 2541K, capacity 2691K, committed 2816K, reserved 1048576K
}
Event: 5.062 GC heap after
{Heap after GC invocations=5 (full 0):
 garbage-first heap   total 260096K, used 16336K [0x00000000a0000000, 0x0000000100000000)
  region size 1024K, 5 young (5120K), 5 survivors (5120K)
 Metaspace       used 20668K, capacity 21121K, committed 21248K, reserved 1067008K
  class space    used 2541K, capacity 2691K, committed 2816K, reserved 1048576K
}
Event: 6.536 GC heap before
{Heap before GC invocations=6 (full 0):
 garbage-first heap   total 260096K, used 75728K [0x00000000a0000000, 0x0000000100000000)
  region size 1024K, 63 young (64512K), 5 survivors (5120K)
 Metaspace       used 26796K, capacity 27436K, committed 27648K, reserved 1073152K
  class space    used 3512K, capacity 3736K, committed 3840K, reserved 1048576K
}
Event: 6.547 GC heap after
{Heap after GC invocations=7 (full 0):
 garbage-first heap   total 260096K, used 18418K [0x00000000a0000000, 0x0000000100000000)
  region size 1024K, 7 young (7168K), 7 survivors (7168K)
 Metaspace       used 26796K, capacity 27436K, committed 27648K, reserved 1073152K
  class space    used 3512K, capacity 3736K, committed 3840K, reserved 1048576K
}
Event: 7.928 GC heap before
{Heap before GC invocations=7 (full 0):
 garbage-first heap   total 260096K, used 65522K [0x00000000a0000000, 0x0000000100000000)
  region size 1024K, 52 young (53248K), 7 survivors (7168K)
 Metaspace       used 35125K, capacity 35727K, committed 35840K, reserved 1081344K
  class space    used 4518K, capacity 4775K, committed 4864K, reserved 1048576K
}
Event: 7.945 GC heap after
{Heap after GC invocations=8 (full 0):
 garbage-first heap   total 260096K, used 23628K [0x00000000a0000000, 0x0000000100000000)
  region size 1024K, 10 young (10240K), 10 survivors (10240K)
 Metaspace       used 35125K, capacity 35727K, committed 35840K, reserved 1081344K
  class space    used 4518K, capacity 4775K, committed 4864K, reserved 1048576K
}
Event: 11.098 GC heap before
{Heap before GC invocations=9 (full 0):
 garbage-first heap   total 260096K, used 169036K [0x00000000a0000000, 0x0000000100000000)
  region size 1024K, 152 young (155648K), 10 survivors (10240K)
 Metaspace       used 44243K, capacity 45217K, committed 45440K, reserved 1089536K
  class space    used 5655K, capacity 6014K, committed 6016K, reserved 1048576K
}
Event: 11.135 GC heap after
{Heap after GC invocations=10 (full 0):
 garbage-first heap   total 260096K, used 29923K [0x00000000a0000000, 0x0000000100000000)
  region size 1024K, 18 young (18432K), 18 survivors (18432K)
 Metaspace       used 44243K, capacity 45217K, committed 45440K, reserved 1089536K
  class space    used 5655K, capacity 6014K, committed 6016K, reserved 1048576K
}
Event: 14.917 GC heap before
{Heap before GC invocations=11 (full 0):
 garbage-first heap   total 260096K, used 173283K [0x00000000a0000000, 0x0000000100000000)
  region size 1024K, 152 young (155648K), 18 survivors (18432K)
 Metaspace       used 56764K, capacity 58028K, committed 58112K, reserved 1099776K
  class space    used 7178K, capacity 7643K, committed 7680K, reserved 1048576K
}
Event: 14.975 GC heap after
{Heap after GC invocations=12 (full 0):
 garbage-first heap   total 260096K, used 47884K [0x00000000a0000000, 0x0000000100000000)
  region size 1024K, 19 young (19456K), 19 survivors (19456K)
 Metaspace       used 56764K, capacity 58028K, committed 58112K, reserved 1099776K
  class space    used 7178K, capacity 7643K, committed 7680K, reserved 1048576K
}

